<?xml version="1.0" encoding="UTF-8"?>
<testsuite xmlns:xsi="http://www.w3.org/2001/XMLSchema-instance" xsi:noNamespaceSchemaLocation="https://maven.apache.org/surefire/maven-surefire-plugin/xsd/surefire-test-report.xsd" name="com.yuewen.YuewenEsApiApplicationTest" time="6.182" tests="10" errors="1" skipped="0" failures="0">
  <properties>
    <property name="gopherProxySet" value="false"/>
    <property name="awt.toolkit" value="sun.lwawt.macosx.LWCToolkit"/>
    <property name="socksProxyHost" value="127.0.0.1"/>
    <property name="http.proxyHost" value="127.0.0.1"/>
    <property name="java.specification.version" value="1.8"/>
    <property name="file.encoding.pkg" value="sun.io"/>
    <property name="sun.cpu.isalist" value=""/>
    <property name="sun.jnu.encoding" value="UTF-8"/>
    <property name="java.class.path" value="/Users/wangshiyang/yuewen/practices/Elasticsearch/es/es-api/target/test-classes:/Users/wangshiyang/yuewen/practices/Elasticsearch/es/es-api/target/classes:/Users/wangshiyang/Downloads/repository_heima-leannews/org/springframework/boot/spring-boot-starter/2.1.5.RELEASE/spring-boot-starter-2.1.5.RELEASE.jar:/Users/wangshiyang/Downloads/repository_heima-leannews/org/springframework/boot/spring-boot/2.1.5.RELEASE/spring-boot-2.1.5.RELEASE.jar:/Users/wangshiyang/Downloads/repository_heima-leannews/org/springframework/spring-context/5.1.7.RELEASE/spring-context-5.1.7.RELEASE.jar:/Users/wangshiyang/Downloads/repository_heima-leannews/org/springframework/boot/spring-boot-autoconfigure/2.1.5.RELEASE/spring-boot-autoconfigure-2.1.5.RELEASE.jar:/Users/wangshiyang/Downloads/repository_heima-leannews/javax/annotation/javax.annotation-api/1.3.2/javax.annotation-api-1.3.2.jar:/Users/wangshiyang/Downloads/repository_heima-leannews/org/springframework/spring-core/5.1.7.RELEASE/spring-core-5.1.7.RELEASE.jar:/Users/wangshiyang/Downloads/repository_heima-leannews/org/springframework/spring-jcl/5.1.7.RELEASE/spring-jcl-5.1.7.RELEASE.jar:/Users/wangshiyang/Downloads/repository_heima-leannews/org/yaml/snakeyaml/1.23/snakeyaml-1.23.jar:/Users/wangshiyang/Downloads/repository_heima-leannews/org/springframework/boot/spring-boot-starter-web/2.1.5.RELEASE/spring-boot-starter-web-2.1.5.RELEASE.jar:/Users/wangshiyang/Downloads/repository_heima-leannews/org/springframework/boot/spring-boot-starter-json/2.1.5.RELEASE/spring-boot-starter-json-2.1.5.RELEASE.jar:/Users/wangshiyang/Downloads/repository_heima-leannews/com/fasterxml/jackson/core/jackson-databind/2.9.8/jackson-databind-2.9.8.jar:/Users/wangshiyang/Downloads/repository_heima-leannews/com/fasterxml/jackson/core/jackson-annotations/2.9.0/jackson-annotations-2.9.0.jar:/Users/wangshiyang/Downloads/repository_heima-leannews/com/fasterxml/jackson/datatype/jackson-datatype-jdk8/2.9.8/jackson-datatype-jdk8-2.9.8.jar:/Users/wangshiyang/Downloads/repository_heima-leannews/com/fasterxml/jackson/datatype/jackson-datatype-jsr310/2.9.8/jackson-datatype-jsr310-2.9.8.jar:/Users/wangshiyang/Downloads/repository_heima-leannews/com/fasterxml/jackson/module/jackson-module-parameter-names/2.9.8/jackson-module-parameter-names-2.9.8.jar:/Users/wangshiyang/Downloads/repository_heima-leannews/org/springframework/boot/spring-boot-starter-tomcat/2.1.5.RELEASE/spring-boot-starter-tomcat-2.1.5.RELEASE.jar:/Users/wangshiyang/Downloads/repository_heima-leannews/org/apache/tomcat/embed/tomcat-embed-core/9.0.19/tomcat-embed-core-9.0.19.jar:/Users/wangshiyang/Downloads/repository_heima-leannews/org/apache/tomcat/embed/tomcat-embed-el/9.0.19/tomcat-embed-el-9.0.19.jar:/Users/wangshiyang/Downloads/repository_heima-leannews/org/apache/tomcat/embed/tomcat-embed-websocket/9.0.19/tomcat-embed-websocket-9.0.19.jar:/Users/wangshiyang/Downloads/repository_heima-leannews/org/hibernate/validator/hibernate-validator/6.0.16.Final/hibernate-validator-6.0.16.Final.jar:/Users/wangshiyang/Downloads/repository_heima-leannews/javax/validation/validation-api/2.0.1.Final/validation-api-2.0.1.Final.jar:/Users/wangshiyang/Downloads/repository_heima-leannews/org/jboss/logging/jboss-logging/3.3.2.Final/jboss-logging-3.3.2.Final.jar:/Users/wangshiyang/Downloads/repository_heima-leannews/com/fasterxml/classmate/1.4.0/classmate-1.4.0.jar:/Users/wangshiyang/Downloads/repository_heima-leannews/org/springframework/spring-web/5.1.7.RELEASE/spring-web-5.1.7.RELEASE.jar:/Users/wangshiyang/Downloads/repository_heima-leannews/org/springframework/spring-beans/5.1.7.RELEASE/spring-beans-5.1.7.RELEASE.jar:/Users/wangshiyang/Downloads/repository_heima-leannews/org/springframework/spring-webmvc/5.1.7.RELEASE/spring-webmvc-5.1.7.RELEASE.jar:/Users/wangshiyang/Downloads/repository_heima-leannews/org/springframework/spring-aop/5.1.7.RELEASE/spring-aop-5.1.7.RELEASE.jar:/Users/wangshiyang/Downloads/repository_heima-leannews/org/springframework/spring-expression/5.1.7.RELEASE/spring-expression-5.1.7.RELEASE.jar:/Users/wangshiyang/Downloads/repository_heima-leannews/org/projectlombok/lombok/1.18.8/lombok-1.18.8.jar:/Users/wangshiyang/Downloads/repository_heima-leannews/org/elasticsearch/client/elasticsearch-rest-high-level-client/6.8.0/elasticsearch-rest-high-level-client-6.8.0.jar:/Users/wangshiyang/Downloads/repository_heima-leannews/org/elasticsearch/plugin/parent-join-client/6.8.0/parent-join-client-6.8.0.jar:/Users/wangshiyang/Downloads/repository_heima-leannews/org/elasticsearch/plugin/aggs-matrix-stats-client/6.8.0/aggs-matrix-stats-client-6.8.0.jar:/Users/wangshiyang/Downloads/repository_heima-leannews/org/elasticsearch/plugin/rank-eval-client/6.8.0/rank-eval-client-6.8.0.jar:/Users/wangshiyang/Downloads/repository_heima-leannews/org/elasticsearch/plugin/lang-mustache-client/6.8.0/lang-mustache-client-6.8.0.jar:/Users/wangshiyang/Downloads/repository_heima-leannews/com/github/spullara/mustache/java/compiler/0.9.3/compiler-0.9.3.jar:/Users/wangshiyang/Downloads/repository_heima-leannews/org/elasticsearch/elasticsearch/6.8.0/elasticsearch-6.8.0.jar:/Users/wangshiyang/Downloads/repository_heima-leannews/org/elasticsearch/elasticsearch-core/6.8.0/elasticsearch-core-6.8.0.jar:/Users/wangshiyang/Downloads/repository_heima-leannews/org/elasticsearch/elasticsearch-secure-sm/6.8.0/elasticsearch-secure-sm-6.8.0.jar:/Users/wangshiyang/Downloads/repository_heima-leannews/org/elasticsearch/elasticsearch-x-content/6.8.0/elasticsearch-x-content-6.8.0.jar:/Users/wangshiyang/Downloads/repository_heima-leannews/com/fasterxml/jackson/core/jackson-core/2.9.8/jackson-core-2.9.8.jar:/Users/wangshiyang/Downloads/repository_heima-leannews/com/fasterxml/jackson/dataformat/jackson-dataformat-smile/2.9.8/jackson-dataformat-smile-2.9.8.jar:/Users/wangshiyang/Downloads/repository_heima-leannews/com/fasterxml/jackson/dataformat/jackson-dataformat-yaml/2.9.8/jackson-dataformat-yaml-2.9.8.jar:/Users/wangshiyang/Downloads/repository_heima-leannews/com/fasterxml/jackson/dataformat/jackson-dataformat-cbor/2.9.8/jackson-dataformat-cbor-2.9.8.jar:/Users/wangshiyang/Downloads/repository_heima-leannews/org/apache/lucene/lucene-core/7.7.0/lucene-core-7.7.0.jar:/Users/wangshiyang/Downloads/repository_heima-leannews/org/apache/lucene/lucene-analyzers-common/7.7.0/lucene-analyzers-common-7.7.0.jar:/Users/wangshiyang/Downloads/repository_heima-leannews/org/apache/lucene/lucene-backward-codecs/7.7.0/lucene-backward-codecs-7.7.0.jar:/Users/wangshiyang/Downloads/repository_heima-leannews/org/apache/lucene/lucene-grouping/7.7.0/lucene-grouping-7.7.0.jar:/Users/wangshiyang/Downloads/repository_heima-leannews/org/apache/lucene/lucene-highlighter/7.7.0/lucene-highlighter-7.7.0.jar:/Users/wangshiyang/Downloads/repository_heima-leannews/org/apache/lucene/lucene-join/7.7.0/lucene-join-7.7.0.jar:/Users/wangshiyang/Downloads/repository_heima-leannews/org/apache/lucene/lucene-memory/7.7.0/lucene-memory-7.7.0.jar:/Users/wangshiyang/Downloads/repository_heima-leannews/org/apache/lucene/lucene-misc/7.7.0/lucene-misc-7.7.0.jar:/Users/wangshiyang/Downloads/repository_heima-leannews/org/apache/lucene/lucene-queries/7.7.0/lucene-queries-7.7.0.jar:/Users/wangshiyang/Downloads/repository_heima-leannews/org/apache/lucene/lucene-queryparser/7.7.0/lucene-queryparser-7.7.0.jar:/Users/wangshiyang/Downloads/repository_heima-leannews/org/apache/lucene/lucene-sandbox/7.7.0/lucene-sandbox-7.7.0.jar:/Users/wangshiyang/Downloads/repository_heima-leannews/org/apache/lucene/lucene-spatial/7.7.0/lucene-spatial-7.7.0.jar:/Users/wangshiyang/Downloads/repository_heima-leannews/org/apache/lucene/lucene-spatial-extras/7.7.0/lucene-spatial-extras-7.7.0.jar:/Users/wangshiyang/Downloads/repository_heima-leannews/org/apache/lucene/lucene-spatial3d/7.7.0/lucene-spatial3d-7.7.0.jar:/Users/wangshiyang/Downloads/repository_heima-leannews/org/apache/lucene/lucene-suggest/7.7.0/lucene-suggest-7.7.0.jar:/Users/wangshiyang/Downloads/repository_heima-leannews/org/elasticsearch/elasticsearch-cli/6.8.0/elasticsearch-cli-6.8.0.jar:/Users/wangshiyang/Downloads/repository_heima-leannews/net/sf/jopt-simple/jopt-simple/5.0.2/jopt-simple-5.0.2.jar:/Users/wangshiyang/Downloads/repository_heima-leannews/com/carrotsearch/hppc/0.7.1/hppc-0.7.1.jar:/Users/wangshiyang/Downloads/repository_heima-leannews/joda-time/joda-time/2.10.2/joda-time-2.10.2.jar:/Users/wangshiyang/Downloads/repository_heima-leannews/com/tdunning/t-digest/3.2/t-digest-3.2.jar:/Users/wangshiyang/Downloads/repository_heima-leannews/org/hdrhistogram/HdrHistogram/2.1.9/HdrHistogram-2.1.9.jar:/Users/wangshiyang/Downloads/repository_heima-leannews/org/apache/logging/log4j/log4j-api/2.11.2/log4j-api-2.11.2.jar:/Users/wangshiyang/Downloads/repository_heima-leannews/org/elasticsearch/jna/4.5.1/jna-4.5.1.jar:/Users/wangshiyang/Downloads/repository_heima-leannews/org/springframework/boot/spring-boot-starter-data-elasticsearch/2.1.5.RELEASE/spring-boot-starter-data-elasticsearch-2.1.5.RELEASE.jar:/Users/wangshiyang/Downloads/repository_heima-leannews/org/springframework/data/spring-data-elasticsearch/3.1.8.RELEASE/spring-data-elasticsearch-3.1.8.RELEASE.jar:/Users/wangshiyang/Downloads/repository_heima-leannews/org/springframework/spring-tx/5.1.7.RELEASE/spring-tx-5.1.7.RELEASE.jar:/Users/wangshiyang/Downloads/repository_heima-leannews/org/springframework/data/spring-data-commons/2.1.8.RELEASE/spring-data-commons-2.1.8.RELEASE.jar:/Users/wangshiyang/Downloads/repository_heima-leannews/org/elasticsearch/client/transport/6.4.3/transport-6.4.3.jar:/Users/wangshiyang/Downloads/repository_heima-leannews/org/elasticsearch/plugin/reindex-client/6.4.3/reindex-client-6.4.3.jar:/Users/wangshiyang/Downloads/repository_heima-leannews/org/elasticsearch/plugin/percolator-client/6.4.3/percolator-client-6.4.3.jar:/Users/wangshiyang/Downloads/repository_heima-leannews/org/elasticsearch/plugin/transport-netty4-client/6.4.3/transport-netty4-client-6.4.3.jar:/Users/wangshiyang/Downloads/repository_heima-leannews/io/netty/netty-buffer/4.1.36.Final/netty-buffer-4.1.36.Final.jar:/Users/wangshiyang/Downloads/repository_heima-leannews/io/netty/netty-codec/4.1.36.Final/netty-codec-4.1.36.Final.jar:/Users/wangshiyang/Downloads/repository_heima-leannews/io/netty/netty-codec-http/4.1.36.Final/netty-codec-http-4.1.36.Final.jar:/Users/wangshiyang/Downloads/repository_heima-leannews/io/netty/netty-common/4.1.36.Final/netty-common-4.1.36.Final.jar:/Users/wangshiyang/Downloads/repository_heima-leannews/io/netty/netty-handler/4.1.36.Final/netty-handler-4.1.36.Final.jar:/Users/wangshiyang/Downloads/repository_heima-leannews/io/netty/netty-resolver/4.1.36.Final/netty-resolver-4.1.36.Final.jar:/Users/wangshiyang/Downloads/repository_heima-leannews/io/netty/netty-transport/4.1.36.Final/netty-transport-4.1.36.Final.jar:/Users/wangshiyang/Downloads/repository_heima-leannews/org/elasticsearch/client/elasticsearch-rest-client/6.8.0/elasticsearch-rest-client-6.8.0.jar:/Users/wangshiyang/Downloads/repository_heima-leannews/org/apache/httpcomponents/httpclient/4.5.8/httpclient-4.5.8.jar:/Users/wangshiyang/Downloads/repository_heima-leannews/org/apache/httpcomponents/httpcore/4.4.11/httpcore-4.4.11.jar:/Users/wangshiyang/Downloads/repository_heima-leannews/org/apache/httpcomponents/httpasyncclient/4.1.4/httpasyncclient-4.1.4.jar:/Users/wangshiyang/Downloads/repository_heima-leannews/org/apache/httpcomponents/httpcore-nio/4.4.11/httpcore-nio-4.4.11.jar:/Users/wangshiyang/Downloads/repository_heima-leannews/commons-codec/commons-codec/1.11/commons-codec-1.11.jar:/Users/wangshiyang/Downloads/repository_heima-leannews/com/alibaba/fastjson/1.2.58/fastjson-1.2.58.jar:/Users/wangshiyang/Downloads/repository_heima-leannews/org/springframework/boot/spring-boot-starter-test/2.1.5.RELEASE/spring-boot-starter-test-2.1.5.RELEASE.jar:/Users/wangshiyang/Downloads/repository_heima-leannews/org/springframework/boot/spring-boot-test/2.1.5.RELEASE/spring-boot-test-2.1.5.RELEASE.jar:/Users/wangshiyang/Downloads/repository_heima-leannews/org/springframework/boot/spring-boot-test-autoconfigure/2.1.5.RELEASE/spring-boot-test-autoconfigure-2.1.5.RELEASE.jar:/Users/wangshiyang/Downloads/repository_heima-leannews/com/jayway/jsonpath/json-path/2.4.0/json-path-2.4.0.jar:/Users/wangshiyang/Downloads/repository_heima-leannews/net/minidev/json-smart/2.3/json-smart-2.3.jar:/Users/wangshiyang/Downloads/repository_heima-leannews/net/minidev/accessors-smart/1.2/accessors-smart-1.2.jar:/Users/wangshiyang/Downloads/repository_heima-leannews/org/ow2/asm/asm/5.0.4/asm-5.0.4.jar:/Users/wangshiyang/Downloads/repository_heima-leannews/junit/junit/4.12/junit-4.12.jar:/Users/wangshiyang/Downloads/repository_heima-leannews/org/assertj/assertj-core/3.11.1/assertj-core-3.11.1.jar:/Users/wangshiyang/Downloads/repository_heima-leannews/org/mockito/mockito-core/2.23.4/mockito-core-2.23.4.jar:/Users/wangshiyang/Downloads/repository_heima-leannews/net/bytebuddy/byte-buddy/1.9.12/byte-buddy-1.9.12.jar:/Users/wangshiyang/Downloads/repository_heima-leannews/net/bytebuddy/byte-buddy-agent/1.9.12/byte-buddy-agent-1.9.12.jar:/Users/wangshiyang/Downloads/repository_heima-leannews/org/objenesis/objenesis/2.6/objenesis-2.6.jar:/Users/wangshiyang/Downloads/repository_heima-leannews/org/hamcrest/hamcrest-core/1.3/hamcrest-core-1.3.jar:/Users/wangshiyang/Downloads/repository_heima-leannews/org/hamcrest/hamcrest-library/1.3/hamcrest-library-1.3.jar:/Users/wangshiyang/Downloads/repository_heima-leannews/org/skyscreamer/jsonassert/1.5.0/jsonassert-1.5.0.jar:/Users/wangshiyang/Downloads/repository_heima-leannews/com/vaadin/external/google/android-json/0.0.20131108.vaadin1/android-json-0.0.20131108.vaadin1.jar:/Users/wangshiyang/Downloads/repository_heima-leannews/org/springframework/spring-test/5.1.7.RELEASE/spring-test-5.1.7.RELEASE.jar:/Users/wangshiyang/Downloads/repository_heima-leannews/org/xmlunit/xmlunit-core/2.6.2/xmlunit-core-2.6.2.jar:/Users/wangshiyang/Downloads/repository_heima-leannews/org/springframework/boot/spring-boot-starter-logging/2.1.5.RELEASE/spring-boot-starter-logging-2.1.5.RELEASE.jar:/Users/wangshiyang/Downloads/repository_heima-leannews/org/apache/logging/log4j/log4j-to-slf4j/2.11.2/log4j-to-slf4j-2.11.2.jar:/Users/wangshiyang/Downloads/repository_heima-leannews/org/slf4j/jul-to-slf4j/1.7.26/jul-to-slf4j-1.7.26.jar:/Users/wangshiyang/Downloads/repository_heima-leannews/ch/qos/logback/logback-classic/1.2.3/logback-classic-1.2.3.jar:/Users/wangshiyang/Downloads/repository_heima-leannews/ch/qos/logback/logback-core/1.2.3/logback-core-1.2.3.jar:/Users/wangshiyang/Downloads/repository_heima-leannews/org/slf4j/slf4j-api/1.7.26/slf4j-api-1.7.26.jar:"/>
    <property name="https.proxyPort" value="1087"/>
    <property name="java.vm.vendor" value="Oracle Corporation"/>
    <property name="sun.arch.data.model" value="64"/>
    <property name="java.vendor.url" value="http://java.oracle.com/"/>
    <property name="user.timezone" value=""/>
    <property name="java.vm.specification.version" value="1.8"/>
    <property name="os.name" value="Mac OS X"/>
    <property name="user.country" value="CN"/>
    <property name="sun.java.launcher" value="SUN_STANDARD"/>
    <property name="sun.boot.library.path" value="/Library/Java/JavaVirtualMachines/jdk1.8.0_212.jdk/Contents/Home/jre/lib"/>
    <property name="sun.java.command" value="/Users/wangshiyang/yuewen/practices/Elasticsearch/es/es-api/target/surefire/surefirebooter6074563773020498079.jar /Users/wangshiyang/yuewen/practices/Elasticsearch/es/es-api/target/surefire 2022-03-13T17-38-20_749-jvmRun1 surefire4580206752682693733tmp surefire_07323052667458068481tmp"/>
    <property name="http.nonProxyHosts" value="172.16.0.0/12|*.172.16.0.0/12|127.0.0.1|timestamp.apple.com|*.timestamp.apple.com|192.168.0.0/16|*.192.168.0.0/16|10.0.0.0/8|*.10.0.0.0/8|localhost|*.localhost"/>
    <property name="surefire.test.class.path" value="/Users/wangshiyang/yuewen/practices/Elasticsearch/es/es-api/target/test-classes:/Users/wangshiyang/yuewen/practices/Elasticsearch/es/es-api/target/classes:/Users/wangshiyang/Downloads/repository_heima-leannews/org/springframework/boot/spring-boot-starter/2.1.5.RELEASE/spring-boot-starter-2.1.5.RELEASE.jar:/Users/wangshiyang/Downloads/repository_heima-leannews/org/springframework/boot/spring-boot/2.1.5.RELEASE/spring-boot-2.1.5.RELEASE.jar:/Users/wangshiyang/Downloads/repository_heima-leannews/org/springframework/spring-context/5.1.7.RELEASE/spring-context-5.1.7.RELEASE.jar:/Users/wangshiyang/Downloads/repository_heima-leannews/org/springframework/boot/spring-boot-autoconfigure/2.1.5.RELEASE/spring-boot-autoconfigure-2.1.5.RELEASE.jar:/Users/wangshiyang/Downloads/repository_heima-leannews/javax/annotation/javax.annotation-api/1.3.2/javax.annotation-api-1.3.2.jar:/Users/wangshiyang/Downloads/repository_heima-leannews/org/springframework/spring-core/5.1.7.RELEASE/spring-core-5.1.7.RELEASE.jar:/Users/wangshiyang/Downloads/repository_heima-leannews/org/springframework/spring-jcl/5.1.7.RELEASE/spring-jcl-5.1.7.RELEASE.jar:/Users/wangshiyang/Downloads/repository_heima-leannews/org/yaml/snakeyaml/1.23/snakeyaml-1.23.jar:/Users/wangshiyang/Downloads/repository_heima-leannews/org/springframework/boot/spring-boot-starter-web/2.1.5.RELEASE/spring-boot-starter-web-2.1.5.RELEASE.jar:/Users/wangshiyang/Downloads/repository_heima-leannews/org/springframework/boot/spring-boot-starter-json/2.1.5.RELEASE/spring-boot-starter-json-2.1.5.RELEASE.jar:/Users/wangshiyang/Downloads/repository_heima-leannews/com/fasterxml/jackson/core/jackson-databind/2.9.8/jackson-databind-2.9.8.jar:/Users/wangshiyang/Downloads/repository_heima-leannews/com/fasterxml/jackson/core/jackson-annotations/2.9.0/jackson-annotations-2.9.0.jar:/Users/wangshiyang/Downloads/repository_heima-leannews/com/fasterxml/jackson/datatype/jackson-datatype-jdk8/2.9.8/jackson-datatype-jdk8-2.9.8.jar:/Users/wangshiyang/Downloads/repository_heima-leannews/com/fasterxml/jackson/datatype/jackson-datatype-jsr310/2.9.8/jackson-datatype-jsr310-2.9.8.jar:/Users/wangshiyang/Downloads/repository_heima-leannews/com/fasterxml/jackson/module/jackson-module-parameter-names/2.9.8/jackson-module-parameter-names-2.9.8.jar:/Users/wangshiyang/Downloads/repository_heima-leannews/org/springframework/boot/spring-boot-starter-tomcat/2.1.5.RELEASE/spring-boot-starter-tomcat-2.1.5.RELEASE.jar:/Users/wangshiyang/Downloads/repository_heima-leannews/org/apache/tomcat/embed/tomcat-embed-core/9.0.19/tomcat-embed-core-9.0.19.jar:/Users/wangshiyang/Downloads/repository_heima-leannews/org/apache/tomcat/embed/tomcat-embed-el/9.0.19/tomcat-embed-el-9.0.19.jar:/Users/wangshiyang/Downloads/repository_heima-leannews/org/apache/tomcat/embed/tomcat-embed-websocket/9.0.19/tomcat-embed-websocket-9.0.19.jar:/Users/wangshiyang/Downloads/repository_heima-leannews/org/hibernate/validator/hibernate-validator/6.0.16.Final/hibernate-validator-6.0.16.Final.jar:/Users/wangshiyang/Downloads/repository_heima-leannews/javax/validation/validation-api/2.0.1.Final/validation-api-2.0.1.Final.jar:/Users/wangshiyang/Downloads/repository_heima-leannews/org/jboss/logging/jboss-logging/3.3.2.Final/jboss-logging-3.3.2.Final.jar:/Users/wangshiyang/Downloads/repository_heima-leannews/com/fasterxml/classmate/1.4.0/classmate-1.4.0.jar:/Users/wangshiyang/Downloads/repository_heima-leannews/org/springframework/spring-web/5.1.7.RELEASE/spring-web-5.1.7.RELEASE.jar:/Users/wangshiyang/Downloads/repository_heima-leannews/org/springframework/spring-beans/5.1.7.RELEASE/spring-beans-5.1.7.RELEASE.jar:/Users/wangshiyang/Downloads/repository_heima-leannews/org/springframework/spring-webmvc/5.1.7.RELEASE/spring-webmvc-5.1.7.RELEASE.jar:/Users/wangshiyang/Downloads/repository_heima-leannews/org/springframework/spring-aop/5.1.7.RELEASE/spring-aop-5.1.7.RELEASE.jar:/Users/wangshiyang/Downloads/repository_heima-leannews/org/springframework/spring-expression/5.1.7.RELEASE/spring-expression-5.1.7.RELEASE.jar:/Users/wangshiyang/Downloads/repository_heima-leannews/org/projectlombok/lombok/1.18.8/lombok-1.18.8.jar:/Users/wangshiyang/Downloads/repository_heima-leannews/org/elasticsearch/client/elasticsearch-rest-high-level-client/6.8.0/elasticsearch-rest-high-level-client-6.8.0.jar:/Users/wangshiyang/Downloads/repository_heima-leannews/org/elasticsearch/plugin/parent-join-client/6.8.0/parent-join-client-6.8.0.jar:/Users/wangshiyang/Downloads/repository_heima-leannews/org/elasticsearch/plugin/aggs-matrix-stats-client/6.8.0/aggs-matrix-stats-client-6.8.0.jar:/Users/wangshiyang/Downloads/repository_heima-leannews/org/elasticsearch/plugin/rank-eval-client/6.8.0/rank-eval-client-6.8.0.jar:/Users/wangshiyang/Downloads/repository_heima-leannews/org/elasticsearch/plugin/lang-mustache-client/6.8.0/lang-mustache-client-6.8.0.jar:/Users/wangshiyang/Downloads/repository_heima-leannews/com/github/spullara/mustache/java/compiler/0.9.3/compiler-0.9.3.jar:/Users/wangshiyang/Downloads/repository_heima-leannews/org/elasticsearch/elasticsearch/6.8.0/elasticsearch-6.8.0.jar:/Users/wangshiyang/Downloads/repository_heima-leannews/org/elasticsearch/elasticsearch-core/6.8.0/elasticsearch-core-6.8.0.jar:/Users/wangshiyang/Downloads/repository_heima-leannews/org/elasticsearch/elasticsearch-secure-sm/6.8.0/elasticsearch-secure-sm-6.8.0.jar:/Users/wangshiyang/Downloads/repository_heima-leannews/org/elasticsearch/elasticsearch-x-content/6.8.0/elasticsearch-x-content-6.8.0.jar:/Users/wangshiyang/Downloads/repository_heima-leannews/com/fasterxml/jackson/core/jackson-core/2.9.8/jackson-core-2.9.8.jar:/Users/wangshiyang/Downloads/repository_heima-leannews/com/fasterxml/jackson/dataformat/jackson-dataformat-smile/2.9.8/jackson-dataformat-smile-2.9.8.jar:/Users/wangshiyang/Downloads/repository_heima-leannews/com/fasterxml/jackson/dataformat/jackson-dataformat-yaml/2.9.8/jackson-dataformat-yaml-2.9.8.jar:/Users/wangshiyang/Downloads/repository_heima-leannews/com/fasterxml/jackson/dataformat/jackson-dataformat-cbor/2.9.8/jackson-dataformat-cbor-2.9.8.jar:/Users/wangshiyang/Downloads/repository_heima-leannews/org/apache/lucene/lucene-core/7.7.0/lucene-core-7.7.0.jar:/Users/wangshiyang/Downloads/repository_heima-leannews/org/apache/lucene/lucene-analyzers-common/7.7.0/lucene-analyzers-common-7.7.0.jar:/Users/wangshiyang/Downloads/repository_heima-leannews/org/apache/lucene/lucene-backward-codecs/7.7.0/lucene-backward-codecs-7.7.0.jar:/Users/wangshiyang/Downloads/repository_heima-leannews/org/apache/lucene/lucene-grouping/7.7.0/lucene-grouping-7.7.0.jar:/Users/wangshiyang/Downloads/repository_heima-leannews/org/apache/lucene/lucene-highlighter/7.7.0/lucene-highlighter-7.7.0.jar:/Users/wangshiyang/Downloads/repository_heima-leannews/org/apache/lucene/lucene-join/7.7.0/lucene-join-7.7.0.jar:/Users/wangshiyang/Downloads/repository_heima-leannews/org/apache/lucene/lucene-memory/7.7.0/lucene-memory-7.7.0.jar:/Users/wangshiyang/Downloads/repository_heima-leannews/org/apache/lucene/lucene-misc/7.7.0/lucene-misc-7.7.0.jar:/Users/wangshiyang/Downloads/repository_heima-leannews/org/apache/lucene/lucene-queries/7.7.0/lucene-queries-7.7.0.jar:/Users/wangshiyang/Downloads/repository_heima-leannews/org/apache/lucene/lucene-queryparser/7.7.0/lucene-queryparser-7.7.0.jar:/Users/wangshiyang/Downloads/repository_heima-leannews/org/apache/lucene/lucene-sandbox/7.7.0/lucene-sandbox-7.7.0.jar:/Users/wangshiyang/Downloads/repository_heima-leannews/org/apache/lucene/lucene-spatial/7.7.0/lucene-spatial-7.7.0.jar:/Users/wangshiyang/Downloads/repository_heima-leannews/org/apache/lucene/lucene-spatial-extras/7.7.0/lucene-spatial-extras-7.7.0.jar:/Users/wangshiyang/Downloads/repository_heima-leannews/org/apache/lucene/lucene-spatial3d/7.7.0/lucene-spatial3d-7.7.0.jar:/Users/wangshiyang/Downloads/repository_heima-leannews/org/apache/lucene/lucene-suggest/7.7.0/lucene-suggest-7.7.0.jar:/Users/wangshiyang/Downloads/repository_heima-leannews/org/elasticsearch/elasticsearch-cli/6.8.0/elasticsearch-cli-6.8.0.jar:/Users/wangshiyang/Downloads/repository_heima-leannews/net/sf/jopt-simple/jopt-simple/5.0.2/jopt-simple-5.0.2.jar:/Users/wangshiyang/Downloads/repository_heima-leannews/com/carrotsearch/hppc/0.7.1/hppc-0.7.1.jar:/Users/wangshiyang/Downloads/repository_heima-leannews/joda-time/joda-time/2.10.2/joda-time-2.10.2.jar:/Users/wangshiyang/Downloads/repository_heima-leannews/com/tdunning/t-digest/3.2/t-digest-3.2.jar:/Users/wangshiyang/Downloads/repository_heima-leannews/org/hdrhistogram/HdrHistogram/2.1.9/HdrHistogram-2.1.9.jar:/Users/wangshiyang/Downloads/repository_heima-leannews/org/apache/logging/log4j/log4j-api/2.11.2/log4j-api-2.11.2.jar:/Users/wangshiyang/Downloads/repository_heima-leannews/org/elasticsearch/jna/4.5.1/jna-4.5.1.jar:/Users/wangshiyang/Downloads/repository_heima-leannews/org/springframework/boot/spring-boot-starter-data-elasticsearch/2.1.5.RELEASE/spring-boot-starter-data-elasticsearch-2.1.5.RELEASE.jar:/Users/wangshiyang/Downloads/repository_heima-leannews/org/springframework/data/spring-data-elasticsearch/3.1.8.RELEASE/spring-data-elasticsearch-3.1.8.RELEASE.jar:/Users/wangshiyang/Downloads/repository_heima-leannews/org/springframework/spring-tx/5.1.7.RELEASE/spring-tx-5.1.7.RELEASE.jar:/Users/wangshiyang/Downloads/repository_heima-leannews/org/springframework/data/spring-data-commons/2.1.8.RELEASE/spring-data-commons-2.1.8.RELEASE.jar:/Users/wangshiyang/Downloads/repository_heima-leannews/org/elasticsearch/client/transport/6.4.3/transport-6.4.3.jar:/Users/wangshiyang/Downloads/repository_heima-leannews/org/elasticsearch/plugin/reindex-client/6.4.3/reindex-client-6.4.3.jar:/Users/wangshiyang/Downloads/repository_heima-leannews/org/elasticsearch/plugin/percolator-client/6.4.3/percolator-client-6.4.3.jar:/Users/wangshiyang/Downloads/repository_heima-leannews/org/elasticsearch/plugin/transport-netty4-client/6.4.3/transport-netty4-client-6.4.3.jar:/Users/wangshiyang/Downloads/repository_heima-leannews/io/netty/netty-buffer/4.1.36.Final/netty-buffer-4.1.36.Final.jar:/Users/wangshiyang/Downloads/repository_heima-leannews/io/netty/netty-codec/4.1.36.Final/netty-codec-4.1.36.Final.jar:/Users/wangshiyang/Downloads/repository_heima-leannews/io/netty/netty-codec-http/4.1.36.Final/netty-codec-http-4.1.36.Final.jar:/Users/wangshiyang/Downloads/repository_heima-leannews/io/netty/netty-common/4.1.36.Final/netty-common-4.1.36.Final.jar:/Users/wangshiyang/Downloads/repository_heima-leannews/io/netty/netty-handler/4.1.36.Final/netty-handler-4.1.36.Final.jar:/Users/wangshiyang/Downloads/repository_heima-leannews/io/netty/netty-resolver/4.1.36.Final/netty-resolver-4.1.36.Final.jar:/Users/wangshiyang/Downloads/repository_heima-leannews/io/netty/netty-transport/4.1.36.Final/netty-transport-4.1.36.Final.jar:/Users/wangshiyang/Downloads/repository_heima-leannews/org/elasticsearch/client/elasticsearch-rest-client/6.8.0/elasticsearch-rest-client-6.8.0.jar:/Users/wangshiyang/Downloads/repository_heima-leannews/org/apache/httpcomponents/httpclient/4.5.8/httpclient-4.5.8.jar:/Users/wangshiyang/Downloads/repository_heima-leannews/org/apache/httpcomponents/httpcore/4.4.11/httpcore-4.4.11.jar:/Users/wangshiyang/Downloads/repository_heima-leannews/org/apache/httpcomponents/httpasyncclient/4.1.4/httpasyncclient-4.1.4.jar:/Users/wangshiyang/Downloads/repository_heima-leannews/org/apache/httpcomponents/httpcore-nio/4.4.11/httpcore-nio-4.4.11.jar:/Users/wangshiyang/Downloads/repository_heima-leannews/commons-codec/commons-codec/1.11/commons-codec-1.11.jar:/Users/wangshiyang/Downloads/repository_heima-leannews/com/alibaba/fastjson/1.2.58/fastjson-1.2.58.jar:/Users/wangshiyang/Downloads/repository_heima-leannews/org/springframework/boot/spring-boot-starter-test/2.1.5.RELEASE/spring-boot-starter-test-2.1.5.RELEASE.jar:/Users/wangshiyang/Downloads/repository_heima-leannews/org/springframework/boot/spring-boot-test/2.1.5.RELEASE/spring-boot-test-2.1.5.RELEASE.jar:/Users/wangshiyang/Downloads/repository_heima-leannews/org/springframework/boot/spring-boot-test-autoconfigure/2.1.5.RELEASE/spring-boot-test-autoconfigure-2.1.5.RELEASE.jar:/Users/wangshiyang/Downloads/repository_heima-leannews/com/jayway/jsonpath/json-path/2.4.0/json-path-2.4.0.jar:/Users/wangshiyang/Downloads/repository_heima-leannews/net/minidev/json-smart/2.3/json-smart-2.3.jar:/Users/wangshiyang/Downloads/repository_heima-leannews/net/minidev/accessors-smart/1.2/accessors-smart-1.2.jar:/Users/wangshiyang/Downloads/repository_heima-leannews/org/ow2/asm/asm/5.0.4/asm-5.0.4.jar:/Users/wangshiyang/Downloads/repository_heima-leannews/junit/junit/4.12/junit-4.12.jar:/Users/wangshiyang/Downloads/repository_heima-leannews/org/assertj/assertj-core/3.11.1/assertj-core-3.11.1.jar:/Users/wangshiyang/Downloads/repository_heima-leannews/org/mockito/mockito-core/2.23.4/mockito-core-2.23.4.jar:/Users/wangshiyang/Downloads/repository_heima-leannews/net/bytebuddy/byte-buddy/1.9.12/byte-buddy-1.9.12.jar:/Users/wangshiyang/Downloads/repository_heima-leannews/net/bytebuddy/byte-buddy-agent/1.9.12/byte-buddy-agent-1.9.12.jar:/Users/wangshiyang/Downloads/repository_heima-leannews/org/objenesis/objenesis/2.6/objenesis-2.6.jar:/Users/wangshiyang/Downloads/repository_heima-leannews/org/hamcrest/hamcrest-core/1.3/hamcrest-core-1.3.jar:/Users/wangshiyang/Downloads/repository_heima-leannews/org/hamcrest/hamcrest-library/1.3/hamcrest-library-1.3.jar:/Users/wangshiyang/Downloads/repository_heima-leannews/org/skyscreamer/jsonassert/1.5.0/jsonassert-1.5.0.jar:/Users/wangshiyang/Downloads/repository_heima-leannews/com/vaadin/external/google/android-json/0.0.20131108.vaadin1/android-json-0.0.20131108.vaadin1.jar:/Users/wangshiyang/Downloads/repository_heima-leannews/org/springframework/spring-test/5.1.7.RELEASE/spring-test-5.1.7.RELEASE.jar:/Users/wangshiyang/Downloads/repository_heima-leannews/org/xmlunit/xmlunit-core/2.6.2/xmlunit-core-2.6.2.jar:/Users/wangshiyang/Downloads/repository_heima-leannews/org/springframework/boot/spring-boot-starter-logging/2.1.5.RELEASE/spring-boot-starter-logging-2.1.5.RELEASE.jar:/Users/wangshiyang/Downloads/repository_heima-leannews/org/apache/logging/log4j/log4j-to-slf4j/2.11.2/log4j-to-slf4j-2.11.2.jar:/Users/wangshiyang/Downloads/repository_heima-leannews/org/slf4j/jul-to-slf4j/1.7.26/jul-to-slf4j-1.7.26.jar:/Users/wangshiyang/Downloads/repository_heima-leannews/ch/qos/logback/logback-classic/1.2.3/logback-classic-1.2.3.jar:/Users/wangshiyang/Downloads/repository_heima-leannews/ch/qos/logback/logback-core/1.2.3/logback-core-1.2.3.jar:/Users/wangshiyang/Downloads/repository_heima-leannews/org/slf4j/slf4j-api/1.7.26/slf4j-api-1.7.26.jar:"/>
    <property name="sun.cpu.endian" value="little"/>
    <property name="user.home" value="/Users/wangshiyang"/>
    <property name="user.language" value="zh"/>
    <property name="java.specification.vendor" value="Oracle Corporation"/>
    <property name="java.home" value="/Library/Java/JavaVirtualMachines/jdk1.8.0_212.jdk/Contents/Home/jre"/>
    <property name="basedir" value="/Users/wangshiyang/yuewen/practices/Elasticsearch/es/es-api"/>
    <property name="https.proxyHost" value="127.0.0.1"/>
    <property name="file.separator" value="/"/>
    <property name="line.separator" value="&#10;"/>
    <property name="java.vm.specification.vendor" value="Oracle Corporation"/>
    <property name="java.specification.name" value="Java Platform API Specification"/>
    <property name="java.awt.graphicsenv" value="sun.awt.CGraphicsEnvironment"/>
    <property name="surefire.real.class.path" value="/Users/wangshiyang/yuewen/practices/Elasticsearch/es/es-api/target/surefire/surefirebooter6074563773020498079.jar"/>
    <property name="sun.boot.class.path" value="/Library/Java/JavaVirtualMachines/jdk1.8.0_212.jdk/Contents/Home/jre/lib/resources.jar:/Library/Java/JavaVirtualMachines/jdk1.8.0_212.jdk/Contents/Home/jre/lib/rt.jar:/Library/Java/JavaVirtualMachines/jdk1.8.0_212.jdk/Contents/Home/jre/lib/sunrsasign.jar:/Library/Java/JavaVirtualMachines/jdk1.8.0_212.jdk/Contents/Home/jre/lib/jsse.jar:/Library/Java/JavaVirtualMachines/jdk1.8.0_212.jdk/Contents/Home/jre/lib/jce.jar:/Library/Java/JavaVirtualMachines/jdk1.8.0_212.jdk/Contents/Home/jre/lib/charsets.jar:/Library/Java/JavaVirtualMachines/jdk1.8.0_212.jdk/Contents/Home/jre/lib/jfr.jar:/Library/Java/JavaVirtualMachines/jdk1.8.0_212.jdk/Contents/Home/jre/classes"/>
    <property name="sun.management.compiler" value="HotSpot 64-Bit Tiered Compilers"/>
    <property name="ftp.nonProxyHosts" value="172.16.0.0/12|*.172.16.0.0/12|127.0.0.1|timestamp.apple.com|*.timestamp.apple.com|192.168.0.0/16|*.192.168.0.0/16|10.0.0.0/8|*.10.0.0.0/8|localhost|*.localhost"/>
    <property name="java.runtime.version" value="1.8.0_212-b10"/>
    <property name="user.name" value="wangshiyang"/>
    <property name="path.separator" value=":"/>
    <property name="os.version" value="10.16"/>
    <property name="java.endorsed.dirs" value="/Library/Java/JavaVirtualMachines/jdk1.8.0_212.jdk/Contents/Home/jre/lib/endorsed"/>
    <property name="java.runtime.name" value="Java(TM) SE Runtime Environment"/>
    <property name="file.encoding" value="UTF-8"/>
    <property name="java.vm.name" value="Java HotSpot(TM) 64-Bit Server VM"/>
    <property name="localRepository" value="/Users/wangshiyang/Downloads/repository_heima-leannews"/>
    <property name="java.vendor.url.bug" value="http://bugreport.sun.com/bugreport/"/>
    <property name="java.io.tmpdir" value="/var/folders/0c/tn751s1s35bgnjbmy0fx51000000gp/T/"/>
    <property name="idea.version" value="2021.3"/>
    <property name="java.version" value="1.8.0_212"/>
    <property name="user.dir" value="/Users/wangshiyang/yuewen/practices/Elasticsearch/es/es-api"/>
    <property name="os.arch" value="x86_64"/>
    <property name="socksProxyPort" value="1086"/>
    <property name="java.vm.specification.name" value="Java Virtual Machine Specification"/>
    <property name="java.awt.printerjob" value="sun.lwawt.macosx.CPrinterJob"/>
    <property name="sun.os.patch.level" value="unknown"/>
    <property name="java.library.path" value="/Users/wangshiyang/Library/Java/Extensions:/Library/Java/Extensions:/Network/Library/Java/Extensions:/System/Library/Java/Extensions:/usr/lib/java:."/>
    <property name="java.vm.info" value="mixed mode"/>
    <property name="java.vendor" value="Oracle Corporation"/>
    <property name="java.vm.version" value="25.212-b10"/>
    <property name="java.ext.dirs" value="/Users/wangshiyang/Library/Java/Extensions:/Library/Java/JavaVirtualMachines/jdk1.8.0_212.jdk/Contents/Home/jre/lib/ext:/Library/Java/Extensions:/Network/Library/Java/Extensions:/System/Library/Java/Extensions:/usr/lib/java"/>
    <property name="sun.io.unicode.encoding" value="UnicodeBig"/>
    <property name="maven.repo.local" value="/Users/wangshiyang/Downloads/repository_heima-leannews"/>
    <property name="java.class.version" value="52.0"/>
    <property name="socksNonProxyHosts" value="172.16.0.0/12|*.172.16.0.0/12|127.0.0.1|timestamp.apple.com|*.timestamp.apple.com|192.168.0.0/16|*.192.168.0.0/16|10.0.0.0/8|*.10.0.0.0/8|localhost|*.localhost"/>
    <property name="http.proxyPort" value="1087"/>
  </properties>
  <testcase name="testGetDocument" classname="com.yuewen.YuewenEsApiApplicationTest" time="0.577"/>
  <testcase name="testDeleteIndex" classname="com.yuewen.YuewenEsApiApplicationTest" time="0.861"/>
  <testcase name="testCreateIndex" classname="com.yuewen.YuewenEsApiApplicationTest" time="0.274">
    <error message="Elasticsearch exception [type=resource_already_exists_exception, reason=index [jd_goods/atOEVZkySHGLQyeQDuvHMA] already exists]" type="org.elasticsearch.ElasticsearchStatusException">org.elasticsearch.ElasticsearchStatusException: Elasticsearch exception [type=resource_already_exists_exception, reason=index [jd_goods/atOEVZkySHGLQyeQDuvHMA] already exists]
	at com.yuewen.YuewenEsApiApplicationTest.testCreateIndex(YuewenEsApiApplicationTest.java:63)
</error>
    <system-out><![CDATA[17:38:47.712 [main] DEBUG org.apache.http.impl.nio.client.MainClientExec - [exchange: 3] start execution
17:38:47.713 [main] DEBUG org.apache.http.client.protocol.RequestAddCookies - CookieSpec selected: default
17:38:47.714 [main] DEBUG org.apache.http.client.protocol.RequestAuthCache - Re-using cached 'basic' auth scheme for http://127.0.0.1:9200
17:38:47.714 [main] DEBUG org.apache.http.client.protocol.RequestAuthCache - No credentials for preemptive authentication
17:38:47.714 [main] DEBUG org.apache.http.impl.nio.client.InternalHttpAsyncClient - [exchange: 3] Request connection for {}->http://127.0.0.1:9200
17:38:47.714 [main] DEBUG org.apache.http.impl.nio.conn.PoolingNHttpClientConnectionManager - Connection request: [route: {}->http://127.0.0.1:9200][total kept alive: 0; route allocated: 0 of 10; total allocated: 0 of 30]
17:38:47.716 [I/O dispatcher 9] DEBUG org.apache.http.impl.nio.conn.PoolingNHttpClientConnectionManager - Connection leased: [id: http-outgoing-2][route: {}->http://127.0.0.1:9200][total kept alive: 0; route allocated: 1 of 10; total allocated: 0 of 30]
17:38:47.716 [I/O dispatcher 9] DEBUG org.apache.http.impl.nio.client.InternalHttpAsyncClient - [exchange: 3] Connection allocated: CPoolProxy{http-outgoing-2 [ACTIVE]}
17:38:47.716 [I/O dispatcher 9] DEBUG org.apache.http.impl.nio.conn.ManagedNHttpClientConnectionImpl - http-outgoing-2 127.0.0.1:58192<->127.0.0.1:9200[ACTIVE][r:]: Set attribute http.nio.exchange-handler
17:38:47.716 [I/O dispatcher 9] DEBUG org.apache.http.impl.nio.conn.ManagedNHttpClientConnectionImpl - http-outgoing-2 127.0.0.1:58192<->127.0.0.1:9200[ACTIVE][rw:]: Event set [w]
17:38:47.716 [I/O dispatcher 9] DEBUG org.apache.http.impl.nio.conn.ManagedNHttpClientConnectionImpl - http-outgoing-2 127.0.0.1:58192<->127.0.0.1:9200[ACTIVE][rw:]: Set timeout 0
17:38:47.716 [I/O dispatcher 9] DEBUG org.apache.http.impl.nio.client.InternalIODispatch - http-outgoing-2 [ACTIVE]: Connected
17:38:47.716 [I/O dispatcher 9] DEBUG org.apache.http.impl.nio.conn.ManagedNHttpClientConnectionImpl - http-outgoing-2 127.0.0.1:58192<->127.0.0.1:9200[ACTIVE][rw:]: Set attribute http.nio.http-exchange-state
17:38:47.716 [I/O dispatcher 9] DEBUG org.apache.http.impl.nio.client.InternalHttpAsyncClient - [exchange: 3] Start connection routing
17:38:47.716 [I/O dispatcher 9] DEBUG org.apache.http.impl.nio.client.InternalHttpAsyncClient - [exchange: 3] route completed
17:38:47.716 [I/O dispatcher 9] DEBUG org.apache.http.impl.nio.client.MainClientExec - [exchange: 3] Connection route established
17:38:47.716 [I/O dispatcher 9] DEBUG org.apache.http.impl.nio.client.MainClientExec - [exchange: 3] Attempt 1 to execute request
17:38:47.716 [I/O dispatcher 9] DEBUG org.apache.http.impl.nio.client.MainClientExec - [exchange: 3] Target auth state: UNCHALLENGED
17:38:47.716 [I/O dispatcher 9] DEBUG org.apache.http.impl.nio.client.MainClientExec - [exchange: 3] Proxy auth state: UNCHALLENGED
17:38:47.716 [I/O dispatcher 9] DEBUG org.apache.http.impl.nio.conn.ManagedNHttpClientConnectionImpl - http-outgoing-2 127.0.0.1:58192<->127.0.0.1:9200[ACTIVE][rw:]: Set timeout 30000
17:38:47.716 [I/O dispatcher 9] DEBUG org.apache.http.headers - http-outgoing-2 >> PUT /jd_goods?master_timeout=30s&include_type_name=false&timeout=30s HTTP/1.1
17:38:47.716 [I/O dispatcher 9] DEBUG org.apache.http.headers - http-outgoing-2 >> Content-Length: 28
17:38:47.716 [I/O dispatcher 9] DEBUG org.apache.http.headers - http-outgoing-2 >> Content-Type: application/json
17:38:47.716 [I/O dispatcher 9] DEBUG org.apache.http.headers - http-outgoing-2 >> Host: 127.0.0.1:9200
17:38:47.717 [I/O dispatcher 9] DEBUG org.apache.http.headers - http-outgoing-2 >> Connection: Keep-Alive
17:38:47.717 [I/O dispatcher 9] DEBUG org.apache.http.headers - http-outgoing-2 >> User-Agent: Apache-HttpAsyncClient/4.1.4 (Java/1.8.0_212)
17:38:47.718 [I/O dispatcher 9] DEBUG org.apache.http.impl.nio.conn.ManagedNHttpClientConnectionImpl - http-outgoing-2 127.0.0.1:58192<->127.0.0.1:9200[ACTIVE][rw:]: Event set [w]
17:38:47.718 [I/O dispatcher 9] DEBUG org.apache.http.impl.nio.client.InternalIODispatch - http-outgoing-2 [ACTIVE] Output ready
17:38:47.718 [I/O dispatcher 9] DEBUG org.apache.http.impl.nio.client.MainClientExec - [exchange: 3] produce content
17:38:47.719 [I/O dispatcher 9] DEBUG org.apache.http.impl.nio.client.MainClientExec - [exchange: 3] Request completed
17:38:47.719 [I/O dispatcher 9] DEBUG org.apache.http.impl.nio.client.InternalIODispatch - http-outgoing-2 [ACTIVE] [content length: 28; pos: 28; completed: true]
17:38:47.719 [I/O dispatcher 9] DEBUG org.apache.http.impl.nio.conn.ManagedNHttpClientConnectionImpl - http-outgoing-2 127.0.0.1:58192<->127.0.0.1:9200[ACTIVE][rw:w]: 266 bytes written
17:38:47.719 [I/O dispatcher 9] DEBUG org.apache.http.wire - http-outgoing-2 >> "PUT /jd_goods?master_timeout=30s&include_type_name=false&timeout=30s HTTP/1.1[\r][\n]"
17:38:47.719 [I/O dispatcher 9] DEBUG org.apache.http.wire - http-outgoing-2 >> "Content-Length: 28[\r][\n]"
17:38:47.719 [I/O dispatcher 9] DEBUG org.apache.http.wire - http-outgoing-2 >> "Content-Type: application/json[\r][\n]"
17:38:47.720 [I/O dispatcher 9] DEBUG org.apache.http.wire - http-outgoing-2 >> "Host: 127.0.0.1:9200[\r][\n]"
17:38:47.720 [I/O dispatcher 9] DEBUG org.apache.http.wire - http-outgoing-2 >> "Connection: Keep-Alive[\r][\n]"
17:38:47.720 [I/O dispatcher 9] DEBUG org.apache.http.wire - http-outgoing-2 >> "User-Agent: Apache-HttpAsyncClient/4.1.4 (Java/1.8.0_212)[\r][\n]"
17:38:47.720 [I/O dispatcher 9] DEBUG org.apache.http.wire - http-outgoing-2 >> "[\r][\n]"
17:38:47.720 [I/O dispatcher 9] DEBUG org.apache.http.wire - http-outgoing-2 >> "{"settings":{},"aliases":{}}"
17:38:47.720 [I/O dispatcher 9] DEBUG org.apache.http.impl.nio.client.InternalIODispatch - http-outgoing-2 [ACTIVE] Request ready
17:38:47.720 [I/O dispatcher 9] DEBUG org.apache.http.impl.nio.conn.ManagedNHttpClientConnectionImpl - http-outgoing-2 127.0.0.1:58192<->127.0.0.1:9200[ACTIVE][r:w]: Event cleared [w]
17:38:47.746 [I/O dispatcher 9] DEBUG org.apache.http.impl.nio.conn.ManagedNHttpClientConnectionImpl - http-outgoing-2 127.0.0.1:58192<->127.0.0.1:9200[ACTIVE][r:r]: 469 bytes read
17:38:47.746 [I/O dispatcher 9] DEBUG org.apache.http.wire - http-outgoing-2 << "HTTP/1.1 400 Bad Request[\r][\n]"
17:38:47.746 [I/O dispatcher 9] DEBUG org.apache.http.wire - http-outgoing-2 << "content-type: application/json; charset=UTF-8[\r][\n]"
17:38:47.746 [I/O dispatcher 9] DEBUG org.apache.http.wire - http-outgoing-2 << "content-length: 373[\r][\n]"
17:38:47.746 [I/O dispatcher 9] DEBUG org.apache.http.wire - http-outgoing-2 << "[\r][\n]"
17:38:47.746 [I/O dispatcher 9] DEBUG org.apache.http.wire - http-outgoing-2 << "{"error":{"root_cause":[{"type":"resource_already_exists_exception","reason":"index [jd_goods/atOEVZkySHGLQyeQDuvHMA] already exists","index_uuid":"atOEVZkySHGLQyeQDuvHMA","index":"jd_goods"}],"type":"resource_already_exists_exception","reason":"index [jd_goods/atOEVZkySHGLQyeQDuvHMA] already exists","index_uuid":"atOEVZkySHGLQyeQDuvHMA","index":"jd_goods"},"status":400}"
17:38:47.746 [I/O dispatcher 9] DEBUG org.apache.http.headers - http-outgoing-2 << HTTP/1.1 400 Bad Request
17:38:47.746 [I/O dispatcher 9] DEBUG org.apache.http.headers - http-outgoing-2 << content-type: application/json; charset=UTF-8
17:38:47.746 [I/O dispatcher 9] DEBUG org.apache.http.headers - http-outgoing-2 << content-length: 373
17:38:47.746 [I/O dispatcher 9] DEBUG org.apache.http.impl.nio.client.InternalIODispatch - http-outgoing-2 [ACTIVE(373)] Response received
17:38:47.746 [I/O dispatcher 9] DEBUG org.apache.http.impl.nio.client.MainClientExec - [exchange: 3] Response received HTTP/1.1 400 Bad Request
17:38:47.746 [I/O dispatcher 9] DEBUG org.apache.http.impl.nio.client.InternalIODispatch - http-outgoing-2 [ACTIVE(373)] Input ready
17:38:47.746 [I/O dispatcher 9] DEBUG org.apache.http.impl.nio.client.MainClientExec - [exchange: 3] Consume content
17:38:47.746 [I/O dispatcher 9] DEBUG org.apache.http.impl.nio.client.InternalHttpAsyncClient - [exchange: 3] Connection can be kept alive indefinitely
17:38:47.746 [I/O dispatcher 9] DEBUG org.apache.http.impl.nio.client.MainClientExec - [exchange: 3] Response processed
17:38:47.746 [I/O dispatcher 9] DEBUG org.apache.http.impl.nio.client.InternalHttpAsyncClient - [exchange: 3] releasing connection
17:38:47.750 [I/O dispatcher 9] DEBUG org.apache.http.impl.nio.conn.ManagedNHttpClientConnectionImpl - http-outgoing-2 127.0.0.1:58192<->127.0.0.1:9200[ACTIVE][r:r]: Remove attribute http.nio.exchange-handler
17:38:47.750 [I/O dispatcher 9] DEBUG org.apache.http.impl.nio.conn.PoolingNHttpClientConnectionManager - Releasing connection: [id: http-outgoing-2][route: {}->http://127.0.0.1:9200][total kept alive: 0; route allocated: 1 of 10; total allocated: 1 of 30]
17:38:47.750 [I/O dispatcher 9] DEBUG org.apache.http.impl.nio.conn.PoolingNHttpClientConnectionManager - Connection [id: http-outgoing-2][route: {}->http://127.0.0.1:9200] can be kept alive indefinitely
17:38:47.750 [I/O dispatcher 9] DEBUG org.apache.http.impl.nio.conn.ManagedNHttpClientConnectionImpl - http-outgoing-2 127.0.0.1:58192<->127.0.0.1:9200[ACTIVE][r:r]: Set timeout 0
17:38:47.750 [I/O dispatcher 9] DEBUG org.apache.http.impl.nio.conn.PoolingNHttpClientConnectionManager - Connection released: [id: http-outgoing-2][route: {}->http://127.0.0.1:9200][total kept alive: 1; route allocated: 1 of 10; total allocated: 1 of 30]
17:38:47.750 [I/O dispatcher 9] DEBUG org.elasticsearch.client.RestClient - request [PUT http://127.0.0.1:9200/jd_goods?master_timeout=30s&include_type_name=false&timeout=30s] returned [HTTP/1.1 400 Bad Request]
17:38:47.753 [I/O dispatcher 9] DEBUG org.apache.http.impl.nio.client.InternalIODispatch - http-outgoing-2 [ACTIVE] [content length: 373; pos: 373; completed: true]
]]></system-out>
  </testcase>
  <testcase name="testBulkAddDocument" classname="com.yuewen.YuewenEsApiApplicationTest" time="1.852"/>
  <testcase name="testAddDocument" classname="com.yuewen.YuewenEsApiApplicationTest" time="0.055"/>
  <testcase name="testIsExists" classname="com.yuewen.YuewenEsApiApplicationTest" time="0.417"/>
  <testcase name="testUpdateDocument" classname="com.yuewen.YuewenEsApiApplicationTest" time="0.124"/>
  <testcase name="testExistsIndex" classname="com.yuewen.YuewenEsApiApplicationTest" time="0.034"/>
  <testcase name="testSearch" classname="com.yuewen.YuewenEsApiApplicationTest" time="0.321"/>
  <testcase name="testDeleteDocument" classname="com.yuewen.YuewenEsApiApplicationTest" time="0.202"/>
</testsuite>